<?xml version="1.0" encoding="UTF-8"?>
<!-- Generated by org.testng.reporters.JUnitReportReporter -->
<testsuite hostname="TYSS-Bredlin" failures="0" tests="1" name="Demo_Program" time="0.076" errors="1" timestamp="21 Jun 2023 05:20:36 GMT" skipped="0">
  <testcase classname="Demo_Program" name="name" time="0.076">
    <error message="The path to the driver executable The path to the driver executable must be set by the webdriver.chrome.driver system property; for more information, see https://chromedriver.chromium.org/. The latest version can be downloaded from https://chromedriver.chromium.org/downloads" type="java.lang.IllegalStateException">
      <![CDATA[java.lang.IllegalStateException: The path to the driver executable The path to the driver executable must be set by the webdriver.chrome.driver system property; for more information, see https://chromedriver.chromium.org/. The latest version can be downloaded from https://chromedriver.chromium.org/downloads
at org.openqa.selenium.internal.Require$StateChecker.nonNull(Require.java:311)
at org.openqa.selenium.remote.service.DriverService.findExecutable(DriverService.java:135)
at org.openqa.selenium.chrome.ChromeDriverService.access$000(ChromeDriverService.java:39)
at org.openqa.selenium.chrome.ChromeDriverService$Builder.findDefaultExecutable(ChromeDriverService.java:233)
at org.openqa.selenium.remote.service.DriverService$Builder.build(DriverService.java:437)
at org.openqa.selenium.chrome.ChromeDriverService.createDefaultService(ChromeDriverService.java:128)
at org.openqa.selenium.chrome.ChromeDriver.<init>(ChromeDriver.java:49)
at Demo_Program.name(Demo_Program.java:15)
at java.base/jdk.internal.reflect.NativeMethodAccessorImpl.invoke0(Native Method)
at java.base/jdk.internal.reflect.NativeMethodAccessorImpl.invoke(NativeMethodAccessorImpl.java:62)
at java.base/jdk.internal.reflect.DelegatingMethodAccessorImpl.invoke(DelegatingMethodAccessorImpl.java:43)
at java.base/java.lang.reflect.Method.invoke(Method.java:566)
at org.testng.internal.MethodInvocationHelper.invokeMethod(MethodInvocationHelper.java:124)
at org.testng.internal.Invoker.invokeMethod(Invoker.java:583)
at org.testng.internal.Invoker.invokeTestMethod(Invoker.java:719)
at org.testng.internal.Invoker.invokeTestMethods(Invoker.java:989)
at org.testng.internal.TestMethodWorker.invokeTestMethods(TestMethodWorker.java:125)
at org.testng.internal.TestMethodWorker.run(TestMethodWorker.java:109)
at org.testng.TestRunner.privateRun(TestRunner.java:648)
at org.testng.TestRunner.run(TestRunner.java:505)
at org.testng.SuiteRunner.runTest(SuiteRunner.java:455)
at org.testng.SuiteRunner.runSequentially(SuiteRunner.java:450)
at org.testng.SuiteRunner.privateRun(SuiteRunner.java:415)
at org.testng.SuiteRunner.run(SuiteRunner.java:364)
at org.testng.SuiteRunnerWorker.runSuite(SuiteRunnerWorker.java:52)
at org.testng.SuiteRunnerWorker.run(SuiteRunnerWorker.java:84)
at org.testng.TestNG.runSuitesSequentially(TestNG.java:1208)
at org.testng.TestNG.runSuitesLocally(TestNG.java:1137)
at org.testng.TestNG.runSuites(TestNG.java:1049)
at org.testng.TestNG.run(TestNG.java:1017)
at org.testng.remote.AbstractRemoteTestNG.run(AbstractRemoteTestNG.java:115)
at org.testng.remote.RemoteTestNG.initAndRun(RemoteTestNG.java:251)
at org.testng.remote.RemoteTestNG.main(RemoteTestNG.java:77)
]]>
    </error>
  </testcase> <!-- name -->
</testsuite> <!-- Demo_Program -->
